Flow report for MonExp
Fri Apr 26 08:21:41 2013
Quartus II 32-bit Version 12.1 Build 243 01/31/2013 Service Pack 1 SJ Web Edition


---------------------
; Table of Contents ;
---------------------
  1. Legal Notice
  2. Flow Summary
  3. Flow Settings
  4. Flow Non-Default Global Settings
  5. Flow Elapsed Time
  6. Flow OS Summary
  7. Flow Log



----------------
; Legal Notice ;
----------------
Copyright (C) 1991-2012 Altera Corporation
Your use of Altera Corporation's design tools, logic functions 
and other software and tools, and its AMPP partner logic 
functions, and any output files from any of the foregoing 
(including device programming or simulation files), and any 
associated documentation or information are expressly subject 
to the terms and conditions of the Altera Program License 
Subscription Agreement, Altera MegaCore Function License 
Agreement, or other applicable license agreement, including, 
without limitation, that your use is for the sole purpose of 
programming logic devices manufactured by Altera and sold by 
Altera or its authorized distributors.  Please refer to the 
applicable agreement for further details.



+------------------------------------------------------------------------------------+
; Flow Summary                                                                       ;
+------------------------------------+-----------------------------------------------+
; Flow Status                        ; Successful - Fri Apr 26 08:21:38 2013         ;
; Quartus II 32-bit Version          ; 12.1 Build 243 01/31/2013 SP 1 SJ Web Edition ;
; Revision Name                      ; MonExp                                        ;
; Top-level Entity Name              ; MonExp                                        ;
; Family                             ; Cyclone II                                    ;
; Total logic elements               ; 0 / 4,608 ( 0 % )                             ;
;     Total combinational functions  ; 0 / 4,608 ( 0 % )                             ;
;     Dedicated logic registers      ; 0 / 4,608 ( 0 % )                             ;
; Total registers                    ; 0                                             ;
; Total pins                         ; 2 / 89 ( 2 % )                                ;
; Total virtual pins                 ; 0                                             ;
; Total memory bits                  ; 0 / 119,808 ( 0 % )                           ;
; Embedded Multiplier 9-bit elements ; 0 / 26 ( 0 % )                                ;
; Total PLLs                         ; 0 / 2 ( 0 % )                                 ;
; Device                             ; EP2C5T144C6                                   ;
; Timing Models                      ; Final                                         ;
+------------------------------------+-----------------------------------------------+


+-----------------------------------------+
; Flow Settings                           ;
+-------------------+---------------------+
; Option            ; Setting             ;
+-------------------+---------------------+
; Start date & time ; 04/26/2013 08:19:59 ;
; Main task         ; Compilation         ;
; Revision Name     ; MonExp              ;
+-------------------+---------------------+


+--------------------------------------------------------------------------------------------------------------+
; Flow Non-Default Global Settings                                                                             ;
+-------------------------------------+-----------------------------+---------------+-------------+------------+
; Assignment Name                     ; Value                       ; Default Value ; Entity Name ; Section Id ;
+-------------------------------------+-----------------------------+---------------+-------------+------------+
; COMPILER_SIGNATURE_ID               ; 92397163060.136698959913004 ; --            ; --          ; --         ;
; EDA_SIMULATION_TOOL                 ; ModelSim-Altera (Verilog)   ; <None>        ; --          ; --         ;
; PARTITION_COLOR                     ; 16764057                    ; --            ; --          ; Top        ;
; PARTITION_FITTER_PRESERVATION_LEVEL ; PLACEMENT_AND_ROUTING       ; --            ; --          ; Top        ;
; PARTITION_NETLIST_TYPE              ; SOURCE                      ; --            ; --          ; Top        ;
+-------------------------------------+-----------------------------+---------------+-------------+------------+


+-------------------------------------------------------------------------------------------------------------------------------+
; Flow Elapsed Time                                                                                                             ;
+---------------------------+--------------+-------------------------+---------------------+------------------------------------+
; Module Name               ; Elapsed Time ; Average Processors Used ; Peak Virtual Memory ; Total CPU Time (on all processors) ;
+---------------------------+--------------+-------------------------+---------------------+------------------------------------+
; Analysis & Synthesis      ; 00:01:30     ; 1.0                     ; 583 MB              ; 00:01:27                           ;
; Fitter                    ; 00:00:05     ; 1.0                     ; 385 MB              ; 00:00:03                           ;
; Assembler                 ; 00:00:01     ; 1.0                     ; 335 MB              ; 00:00:01                           ;
; TimeQuest Timing Analyzer ; 00:00:02     ; 1.0                     ; 300 MB              ; 00:00:01                           ;
; Total                     ; 00:01:38     ; --                      ; --                  ; 00:01:32                           ;
+---------------------------+--------------+-------------------------+---------------------+------------------------------------+


+----------------------------------------------------------------------------------------+
; Flow OS Summary                                                                        ;
+---------------------------+------------------+-----------+------------+----------------+
; Module Name               ; Machine Hostname ; OS Name   ; OS Version ; Processor type ;
+---------------------------+------------------+-----------+------------+----------------+
; Analysis & Synthesis      ; fatestudio-PC    ; Windows 7 ; 6.1        ; x86_64         ;
; Fitter                    ; fatestudio-PC    ; Windows 7 ; 6.1        ; x86_64         ;
; Assembler                 ; fatestudio-PC    ; Windows 7 ; 6.1        ; x86_64         ;
; TimeQuest Timing Analyzer ; fatestudio-PC    ; Windows 7 ; 6.1        ; x86_64         ;
+---------------------------+------------------+-----------+------------+----------------+


------------
; Flow Log ;
------------
quartus_map --read_settings_files=on --write_settings_files=off MonExp -c MonExp
quartus_fit --read_settings_files=off --write_settings_files=off MonExp -c MonExp
quartus_asm --read_settings_files=off --write_settings_files=off MonExp -c MonExp
quartus_sta MonExp -c MonExp



