Assembler report for ModExp
Sun May 05 15:38:02 2013
Quartus II 32-bit Version 12.1 Build 243 01/31/2013 Service Pack 1 SJ Web Edition


---------------------
; Table of Contents ;
---------------------
  1. Legal Notice
  2. Assembler Summary
  3. Assembler Settings
  4. Assembler Generated Files
  5. Assembler Device Options: C:/altera/12.1sp1/ModExp with M4K 2/output_files/ModExp.sof
  6. Assembler Device Options: C:/altera/12.1sp1/ModExp with M4K 2/output_files/ModExp.pof
  7. Assembler Messages



----------------
; Legal Notice ;
----------------
Copyright (C) 1991-2012 Altera Corporation
Your use of Altera Corporation's design tools, logic functions 
and other software and tools, and its AMPP partner logic 
functions, and any output files from any of the foregoing 
(including device programming or simulation files), and any 
associated documentation or information are expressly subject 
to the terms and conditions of the Altera Program License 
Subscription Agreement, Altera MegaCore Function License 
Agreement, or other applicable license agreement, including, 
without limitation, that your use is for the sole purpose of 
programming logic devices manufactured by Altera and sold by 
Altera or its authorized distributors.  Please refer to the 
applicable agreement for further details.



+---------------------------------------------------------------+
; Assembler Summary                                             ;
+-----------------------+---------------------------------------+
; Assembler Status      ; Successful - Sun May 05 15:38:02 2013 ;
; Revision Name         ; ModExp                                ;
; Top-level Entity Name ; ModExp                                ;
; Family                ; Cyclone II                            ;
; Device                ; EP2C50F484C6                          ;
+-----------------------+---------------------------------------+


+--------------------------------------------------------------------------------------------------------+
; Assembler Settings                                                                                     ;
+-----------------------------------------------------------------------------+----------+---------------+
; Option                                                                      ; Setting  ; Default Value ;
+-----------------------------------------------------------------------------+----------+---------------+
; Use smart compilation                                                       ; Off      ; Off           ;
; Enable parallel Assembler and TimeQuest Timing Analyzer during compilation  ; On       ; On            ;
; Enable compact report table                                                 ; Off      ; Off           ;
; Generate compressed bitstreams                                              ; On       ; On            ;
; Compression mode                                                            ; Off      ; Off           ;
; Clock source for configuration device                                       ; Internal ; Internal      ;
; Clock frequency of the configuration device                                 ; 10 MHZ   ; 10 MHz        ;
; Divide clock frequency by                                                   ; 1        ; 1             ;
; Auto user code                                                              ; Off      ; Off           ;
; Use configuration device                                                    ; On       ; On            ;
; Configuration device                                                        ; Auto     ; Auto          ;
; Configuration device auto user code                                         ; Off      ; Off           ;
; Generate Tabular Text File (.ttf) For Target Device                         ; Off      ; Off           ;
; Generate Raw Binary File (.rbf) For Target Device                           ; Off      ; Off           ;
; Generate Hexadecimal (Intel-Format) Output File (.hexout) for Target Device ; Off      ; Off           ;
; Hexadecimal Output File start address                                       ; 0        ; 0             ;
; Hexadecimal Output File count direction                                     ; Up       ; Up            ;
; Release clears before tri-states                                            ; Off      ; Off           ;
; Auto-restart configuration after error                                      ; On       ; On            ;
; Maintain Compatibility with All Cyclone II M4K Versions                     ; On       ; On            ;
; Generate Serial Vector Format File (.svf) for Target Device                 ; Off      ; Off           ;
; Generate a JEDEC STAPL Format File (.jam) for Target Device                 ; Off      ; Off           ;
; Generate a compressed Jam STAPL Byte Code 2.0 File (.jbc) for Target Device ; Off      ; Off           ;
; Generate a compressed Jam STAPL Byte Code 2.0 File (.jbc) for Target Device ; On       ; On            ;
+-----------------------------------------------------------------------------+----------+---------------+


+-------------------------------------------------------------+
; Assembler Generated Files                                   ;
+-------------------------------------------------------------+
; File Name                                                   ;
+-------------------------------------------------------------+
; C:/altera/12.1sp1/ModExp with M4K 2/output_files/ModExp.sof ;
; C:/altera/12.1sp1/ModExp with M4K 2/output_files/ModExp.pof ;
+-------------------------------------------------------------+


+---------------------------------------------------------------------------------------+
; Assembler Device Options: C:/altera/12.1sp1/ModExp with M4K 2/output_files/ModExp.sof ;
+----------------+----------------------------------------------------------------------+
; Option         ; Setting                                                              ;
+----------------+----------------------------------------------------------------------+
; Device         ; EP2C50F484C6                                                         ;
; JTAG usercode  ; 0xFFFFFFFF                                                           ;
; Checksum       ; 0x01F76698                                                           ;
+----------------+----------------------------------------------------------------------+


+---------------------------------------------------------------------------------------+
; Assembler Device Options: C:/altera/12.1sp1/ModExp with M4K 2/output_files/ModExp.pof ;
+--------------------+------------------------------------------------------------------+
; Option             ; Setting                                                          ;
+--------------------+------------------------------------------------------------------+
; Device             ; EPCS16                                                           ;
; JTAG usercode      ; 0x00000000                                                       ;
; Checksum           ; 0x18C77AF6                                                       ;
; Compression Ratio  ; 1                                                                ;
+--------------------+------------------------------------------------------------------+


+--------------------+
; Assembler Messages ;
+--------------------+
Info: *******************************************************************
Info: Running Quartus II 32-bit Assembler
    Info: Version 12.1 Build 243 01/31/2013 Service Pack 1 SJ Web Edition
    Info: Processing started: Sun May 05 15:37:54 2013
Info: Command: quartus_asm --read_settings_files=off --write_settings_files=off ModExp -c ModExp
Info (115031): Writing out detailed assembly data for power analysis
Info (115030): Assembler is generating device programming files
Info: Quartus II 32-bit Assembler was successful. 0 errors, 0 warnings
    Info: Peak virtual memory: 408 megabytes
    Info: Processing ended: Sun May 05 15:38:02 2013
    Info: Elapsed time: 00:00:08
    Info: Total CPU time (on all processors): 00:00:07


